<?xml version="1.0" encoding="UTF-8" standalone="no"?>
<testsuite failures="0" name="cucumber.runtime.formatter.JUnitFormatter" skipped="0" tests="1" time="4.063708">
    <testcase classname="" name="C2C - Promokód validní - celý proces, https://packeta.atlassian.net/browse/TEST-586" time="4.063708">
        <system-out><![CDATA[Then Save a values into context.............................................passed
Then Write out context value "@password"....................................passed
Then Compare two values.....................................................passed
Given Performation of this query and result save to context "@promoCode"....passed
Then Write out context value "@promoCode"...................................passed
]]></system-out>
    </testcase>
</testsuite>
